The system is: Windows - 10.0.22000 - AMD64
Compiling the C compiler identification source file "CMakeCCompilerId.c" succeeded.
Compiler: C:/Users/Mike_Wei/program/Microsoft Visual Studio/2022/Professional/VC/Tools/MSVC/14.40.33807/bin/Hostx86/x64/cl.exe 
Build flags: 
Id flags:  

The output was:
0
Microsoft (R) C/C++ Optimizing Compiler Version 19.40.33812 for x64
Copyright (C) Microsoft Corporation.  All rights reserved.

CMakeCCompilerId.c
Microsoft (R) Incremental Linker Version 14.40.33812.0
Copyright (C) Microsoft Corporation.  All rights reserved.

/out:CMakeCCompilerId.exe 
CMakeCCompilerId.obj 


Compilation of the C compiler identification source "CMakeCCompilerId.c" produced "CMakeCCompilerId.exe"

Compilation of the C compiler identification source "CMakeCCompilerId.c" produced "CMakeCCompilerId.obj"

The C compiler identification is MSVC, found in "C:/Users/Mike_Wei/CLionProjects/minitrade_fix/cmake-build-debug/CMakeFiles/3.24.2/CompilerIdC/CMakeCCompilerId.exe"

Compiling the CXX compiler identification source file "CMakeCXXCompilerId.cpp" succeeded.
Compiler: C:/Users/Mike_Wei/program/Microsoft Visual Studio/2022/Professional/VC/Tools/MSVC/14.40.33807/bin/Hostx86/x64/cl.exe 
Build flags: 
Id flags:  

The output was:
0
Microsoft (R) C/C++ Optimizing Compiler Version 19.40.33812 for x64
Copyright (C) Microsoft Corporation.  All rights reserved.

CMakeCXXCompilerId.cpp
Microsoft (R) Incremental Linker Version 14.40.33812.0
Copyright (C) Microsoft Corporation.  All rights reserved.

/out:CMakeCXXCompilerId.exe 
CMakeCXXCompilerId.obj 


Compilation of the CXX compiler identification source "CMakeCXXCompilerId.cpp" produced "CMakeCXXCompilerId.exe"

Compilation of the CXX compiler identification source "CMakeCXXCompilerId.cpp" produced "CMakeCXXCompilerId.obj"

The CXX compiler identification is MSVC, found in "C:/Users/Mike_Wei/CLionProjects/minitrade_fix/cmake-build-debug/CMakeFiles/3.24.2/CompilerIdCXX/CMakeCXXCompilerId.exe"

Detecting C compiler ABI info compiled with the following output:
Change Dir: C:/Users/Mike_Wei/CLionProjects/minitrade_fix/cmake-build-debug/CMakeFiles/CMakeTmp

Run Build Command(s):C:/Program Files/JetBrains/CLion 2024.1.1/bin/ninja/win/x64/ninja.exe cmTC_05b9a && [1/2] Building C object CMakeFiles\cmTC_05b9a.dir\CMakeCCompilerABI.c.obj
[2/2] Linking C executable cmTC_05b9a.exe



Detecting CXX compiler ABI info compiled with the following output:
Change Dir: C:/Users/Mike_Wei/CLionProjects/minitrade_fix/cmake-build-debug/CMakeFiles/CMakeTmp

Run Build Command(s):C:/Program Files/JetBrains/CLion 2024.1.1/bin/ninja/win/x64/ninja.exe cmTC_b4fdf && [1/2] Building CXX object CMakeFiles\cmTC_b4fdf.dir\CMakeCXXCompilerABI.cpp.obj
[2/2] Linking CXX executable cmTC_b4fdf.exe



