Performing C SOURCE FILE Test CMAKE_HAVE_LIBC_PTHREAD failed with the following output:
Change Dir: C:/Users/Mike_Wei/CLionProjects/minitrade_fix/cmake-build-debug/CMakeFiles/CMakeTmp

Run Build Command(s):C:/Program Files/JetBrains/CLion 2024.1.1/bin/ninja/win/x64/ninja.exe cmTC_fa6b9 && [1/2] Building C object CMakeFiles\cmTC_fa6b9.dir\src.c.obj
FAILED: CMakeFiles/cmTC_fa6b9.dir/src.c.obj 
C:\Users\Mike_Wei\program\MICROS~1\2022\PROFES~1\VC\Tools\MSVC\1440~1.338\bin\Hostx86\x64\cl.exe  /nologo -DCMAKE_HAVE_LIBC_PTHREAD  /DWIN32 /D_WINDOWS  /Zi /Ob0 /Od /RTC1 -MDd /showIncludes /FoCMakeFiles\cmTC_fa6b9.dir\src.c.obj /FdCMakeFiles\cmTC_fa6b9.dir\ /FS -c C:\Users\Mike_Wei\CLionProjects\minitrade_fix\cmake-build-debug\CMakeFiles\CMakeTmp\src.c
C:\Users\Mike_Wei\CLionProjects\minitrade_fix\cmake-build-debug\CMakeFiles\CMakeTmp\src.c(1): fatal error C1083: Cannot open include file: 'pthread.h': No such file or directory
ninja: build stopped: subcommand failed.


Source file was:
#include <pthread.h>

static void* test_func(void* data)
{
  return data;
}

int main(void)
{
  pthread_t thread;
  pthread_create(&thread, NULL, test_func, NULL);
  pthread_detach(thread);
  pthread_cancel(thread);
  pthread_join(thread, NULL);
  pthread_atfork(NULL, NULL, NULL);
  pthread_exit(NULL);

  return 0;
}

Determining if the function pthread_create exists in the pthreads failed with the following output:
Change Dir: C:/Users/Mike_Wei/CLionProjects/minitrade_fix/cmake-build-debug/CMakeFiles/CMakeTmp

Run Build Command(s):C:/Program Files/JetBrains/CLion 2024.1.1/bin/ninja/win/x64/ninja.exe cmTC_9aecb && [1/2] Building C object CMakeFiles\cmTC_9aecb.dir\CheckFunctionExists.c.obj
[2/2] Linking C executable cmTC_9aecb.exe
FAILED: cmTC_9aecb.exe 
cmd.exe /C "cd . && C:\Users\Mike_Wei\program\cmake-3.24.2-windows-x86_64\bin\cmake.exe -E vs_link_exe --intdir=CMakeFiles\cmTC_9aecb.dir --rc=C:\WINDOW~1\10\bin\100226~1.0\x86\rc.exe --mt=C:\WINDOW~1\10\bin\100226~1.0\x86\mt.exe --manifests  -- C:\Users\Mike_Wei\program\MICROS~1\2022\PROFES~1\VC\Tools\MSVC\1440~1.338\bin\Hostx86\x64\link.exe /nologo CMakeFiles\cmTC_9aecb.dir\CheckFunctionExists.c.obj  /out:cmTC_9aecb.exe /implib:cmTC_9aecb.lib /pdb:cmTC_9aecb.pdb /version:0.0 /machine:x64  /debug /INCREMENTAL /subsystem:console  pthreads.lib  kernel32.lib user32.lib gdi32.lib winspool.lib shell32.lib ole32.lib oleaut32.lib uuid.lib comdlg32.lib advapi32.lib && cmd.exe /C "cd /D C:\Users\Mike_Wei\CLionProjects\minitrade_fix\cmake-build-debug\CMakeFiles\CMakeTmp && C:\Windows\System32\WindowsPowerShell\v1.0\powershell.exe -noprofile -executionpolicy Bypass -file C:/Users/Mike_Wei/program/vcpkg-2024.04.26/scripts/buildsystems/msbuild/applocal.ps1 -targetBinary C:/Users/Mike_Wei/CLionProjects/minitrade_fix/cmake-build-debug/CMakeFiles/CMakeTmp/cmTC_9aecb.exe -installedDir C:/Users/Mike_Wei/program/vcpkg-2024.04.26/installed/x64-windows/debug/bin -OutVariable out""
LINK Pass 1: command "C:\Users\Mike_Wei\program\MICROS~1\2022\PROFES~1\VC\Tools\MSVC\1440~1.338\bin\Hostx86\x64\link.exe /nologo CMakeFiles\cmTC_9aecb.dir\CheckFunctionExists.c.obj /out:cmTC_9aecb.exe /implib:cmTC_9aecb.lib /pdb:cmTC_9aecb.pdb /version:0.0 /machine:x64 /debug /INCREMENTAL /subsystem:console pthreads.lib kernel32.lib user32.lib gdi32.lib winspool.lib shell32.lib ole32.lib oleaut32.lib uuid.lib comdlg32.lib advapi32.lib /MANIFEST /MANIFESTFILE:CMakeFiles\cmTC_9aecb.dir/intermediate.manifest CMakeFiles\cmTC_9aecb.dir/manifest.res" failed (exit code 1104) with the following output:
LINK : fatal error LNK1104: cannot open file 'pthreads.lib'
ninja: build stopped: subcommand failed.



Determining if the function pthread_create exists in the pthread failed with the following output:
Change Dir: C:/Users/Mike_Wei/CLionProjects/minitrade_fix/cmake-build-debug/CMakeFiles/CMakeTmp

Run Build Command(s):C:/Program Files/JetBrains/CLion 2024.1.1/bin/ninja/win/x64/ninja.exe cmTC_68f26 && [1/2] Building C object CMakeFiles\cmTC_68f26.dir\CheckFunctionExists.c.obj
[2/2] Linking C executable cmTC_68f26.exe
FAILED: cmTC_68f26.exe 
cmd.exe /C "cd . && C:\Users\Mike_Wei\program\cmake-3.24.2-windows-x86_64\bin\cmake.exe -E vs_link_exe --intdir=CMakeFiles\cmTC_68f26.dir --rc=C:\WINDOW~1\10\bin\100226~1.0\x86\rc.exe --mt=C:\WINDOW~1\10\bin\100226~1.0\x86\mt.exe --manifests  -- C:\Users\Mike_Wei\program\MICROS~1\2022\PROFES~1\VC\Tools\MSVC\1440~1.338\bin\Hostx86\x64\link.exe /nologo CMakeFiles\cmTC_68f26.dir\CheckFunctionExists.c.obj  /out:cmTC_68f26.exe /implib:cmTC_68f26.lib /pdb:cmTC_68f26.pdb /version:0.0 /machine:x64  /debug /INCREMENTAL /subsystem:console  pthread.lib  kernel32.lib user32.lib gdi32.lib winspool.lib shell32.lib ole32.lib oleaut32.lib uuid.lib comdlg32.lib advapi32.lib && cmd.exe /C "cd /D C:\Users\Mike_Wei\CLionProjects\minitrade_fix\cmake-build-debug\CMakeFiles\CMakeTmp && C:\Windows\System32\WindowsPowerShell\v1.0\powershell.exe -noprofile -executionpolicy Bypass -file C:/Users/Mike_Wei/program/vcpkg-2024.04.26/scripts/buildsystems/msbuild/applocal.ps1 -targetBinary C:/Users/Mike_Wei/CLionProjects/minitrade_fix/cmake-build-debug/CMakeFiles/CMakeTmp/cmTC_68f26.exe -installedDir C:/Users/Mike_Wei/program/vcpkg-2024.04.26/installed/x64-windows/debug/bin -OutVariable out""
LINK Pass 1: command "C:\Users\Mike_Wei\program\MICROS~1\2022\PROFES~1\VC\Tools\MSVC\1440~1.338\bin\Hostx86\x64\link.exe /nologo CMakeFiles\cmTC_68f26.dir\CheckFunctionExists.c.obj /out:cmTC_68f26.exe /implib:cmTC_68f26.lib /pdb:cmTC_68f26.pdb /version:0.0 /machine:x64 /debug /INCREMENTAL /subsystem:console pthread.lib kernel32.lib user32.lib gdi32.lib winspool.lib shell32.lib ole32.lib oleaut32.lib uuid.lib comdlg32.lib advapi32.lib /MANIFEST /MANIFESTFILE:CMakeFiles\cmTC_68f26.dir/intermediate.manifest CMakeFiles\cmTC_68f26.dir/manifest.res" failed (exit code 1104) with the following output:
LINK : fatal error LNK1104: cannot open file 'pthread.lib'
ninja: build stopped: subcommand failed.



